

***********************************************************************
Fatal NI connect error 12514, connecting to:
 (DESCRIPTION=(ADDRESS=(PROTOCOL=TCP)(HOST=Shihab)(PORT=1521))(CONNECT_DATA=(SERVER=DEDICATED)(SERVICE_NAME=XE)(CID=(PROGRAM=E:\AIUB\Advanced Database Management\ADB Project\HospitalManagementSystem\HospitalManagementSystem\bin\Debug\HospitalManagementSystem.exe)(HOST=SHIHAB)(USER=USER))))

  VERSION INFORMATION:
	TNS for 32-bit Windows: Version 10.2.0.1.0 - Production
	Windows NT TCP/IP NT Protocol Adapter for 32-bit Windows: Version 10.2.0.1.0 - Production
  Time: 06-DEC-2018 11:43:59
  Tracing not turned on.
  Tns error struct:
    ns main err code: 12564
    TNS-12564: TNS:connection refused
    ns secondary err code: 0
    nt main err code: 0
    nt secondary err code: 0
    nt OS err code: 0


***********************************************************************
Fatal NI connect error 12514, connecting to:
 (DESCRIPTION=(ADDRESS=(PROTOCOL=TCP)(HOST=Shihab)(PORT=1521))(CONNECT_DATA=(SERVER=DEDICATED)(SERVICE_NAME=XE)(CID=(PROGRAM=E:\AIUB\Advanced Database Management\ADB Project\HospitalManagementSystem\HospitalManagementSystem\bin\Debug\HospitalManagementSystem.exe)(HOST=SHIHAB)(USER=USER))))

  VERSION INFORMATION:
	TNS for 32-bit Windows: Version 10.2.0.1.0 - Production
	Windows NT TCP/IP NT Protocol Adapter for 32-bit Windows: Version 10.2.0.1.0 - Production
  Time: 06-DEC-2018 11:44:13
  Tracing not turned on.
  Tns error struct:
    ns main err code: 12564
    TNS-12564: TNS:connection refused
    ns secondary err code: 0
    nt main err code: 0
    nt secondary err code: 0
    nt OS err code: 0
